# JRE version: OpenJDK Runtime Environment (25.0.1) (build 25.0.1)
# Java VM: OpenJDK 64-Bit Server VM (25.0.1, mixed mode, sharing, tiered, compressed oops, compressed class ptrs, parallel gc, linux-amd64)
GC Precious Log:
 CardTable entry size: 512
 CPUs: 32 total, 32 available
 Memory: 61757M
 Large Page Support: Disabled
 NUMA Support: Disabled
 Compressed Oops: Enabled (32-bit)
 Alignments: Space 512K, Generation 512K, Heap 2M
 Heap Min Capacity: 100M
 Heap Initial Capacity: 100M
 Heap Max Capacity: 2G
 Pre-touch: Disabled
 Parallel Workers: 23
Heap:
 PSYoungGen      total 35328K, used 29142K [0x00000000d5580000, 0x00000000d7a00000, 0x0000000100000000)
  eden space 33792K, 82% used [0x00000000d5580000,0x00000000d70b99c8,0x00000000d7680000)
  from space 1536K, 82% used [0x00000000d7780000,0x00000000d78bc010,0x00000000d7900000)
  to   space 1024K, 0% used [0x00000000d7900000,0x00000000d7900000,0x00000000d7a00000)
 ParOldGen       total 488448K, used 488325K [0x0000000080000000, 0x000000009dd00000, 0x00000000d5580000)
  object space 488448K, 99% used [0x0000000080000000,0x000000009dce1710,0x000000009dd00000)
GC Heap Usage History (20 events):
Event: 31564,206 {heap Before GC invocations=8846 (full 26):
 PSYoungGen      total 31744K, used 31648K [0x00000000d5580000, 0x00000000d7880000, 0x0000000100000000)
  eden space 30720K, 100% used [0x00000000d5580000,0x00000000d7380000,0x00000000d7380000)
  from space 1024K, 90% used [0x00000000d7380000,0x00000000d7468040,0x00000000d7480000)
  to   space 2048K, 0% used [0x00000000d7680000,0x00000000d7680000,0x00000000d7880000)
 ParOldGen       total 478720K, used 478698K [0x0000000080000000, 0x000000009d380000, 0x00000000d5Event: 31564,207 {heap After GC invocations=8846 (full 26):
 PSYoungGen      total 33792K, used 1342K [0x00000000d5580000, 0x00000000d7800000, 0x0000000100000000)
  eden space 32256K, 0% used [0x00000000d5580000,0x00000000d5580000,0x00000000d7500000)
  from space 1536K, 87% used [0x00000000d7680000,0x00000000d77cfa98,0x00000000d7800000)
  to   space 1536K, 0% used [0x00000000d7500000,0x00000000d7500000,0x00000000d7680000)
 ParOldGen       total 479744K, used 479422K [0x0000000080000000, 0x000000009d480000, 0x00000000d55800Event: 31564,251 {heap Before GC invocations=8847 (full 26):
 PSYoungGen      total 33792K, used 33100K [0x00000000d5580000, 0x00000000d7800000, 0x0000000100000000)
  eden space 32256K, 98% used [0x00000000d5580000,0x00000000d7483720,0x00000000d7500000)
  from space 1536K, 87% used [0x00000000d7680000,0x00000000d77cfa98,0x00000000d7800000)
  to   space 1536K, 0% used [0x00000000d7500000,0x00000000d7500000,0x00000000d7680000)
 ParOldGen       total 479744K, used 479422K [0x0000000080000000, 0x000000009d480000, 0x00000000d55Event: 31564,253 {heap After GC invocations=8847 (full 26):
 PSYoungGen      total 33280K, used 1528K [0x00000000d5580000, 0x00000000d8280000, 0x0000000100000000)
  eden space 31744K, 0% used [0x00000000d5580000,0x00000000d5580000,0x00000000d7480000)
  from space 1536K, 99% used [0x00000000d7500000,0x00000000d767e1f0,0x00000000d7680000)
  to   space 7168K, 0% used [0x00000000d7b80000,0x00000000d7b80000,0x00000000d8280000)
 ParOldGen       total 484352K, used 484198K [0x0000000080000000, 0x000000009d900000, 0x00000000d55800Event: 31564,469 {heap Before GC invocations=8848 (full 26):
 PSYoungGen      total 33280K, used 33272K [0x00000000d5580000, 0x00000000d8280000, 0x0000000100000000)
  eden space 31744K, 100% used [0x00000000d5580000,0x00000000d7480000,0x00000000d7480000)
  from space 1536K, 99% used [0x00000000d7500000,0x00000000d767e1f0,0x00000000d7680000)
  to   space 7168K, 0% used [0x00000000d7b80000,0x00000000d7b80000,0x00000000d8280000)
 ParOldGen       total 484352K, used 484198K [0x0000000080000000, 0x000000009d900000, 0x00000000d5Event: 31564,470 {heap After GC invocations=8848 (full 26):
 PSYoungGen      total 32768K, used 1180K [0x00000000d5580000, 0x00000000d7d00000, 0x0000000100000000)
  eden space 31232K, 0% used [0x00000000d5580000,0x00000000d5580000,0x00000000d7400000)
  from space 1536K, 76% used [0x00000000d7b80000,0x00000000d7ca7220,0x00000000d7d00000)
  to   space 3072K, 0% used [0x00000000d7700000,0x00000000d7700000,0x00000000d7a00000)
 ParOldGen       total 484864K, used 484859K [0x0000000080000000, 0x000000009d980000, 0x00000000d55800Event: 31564,604 {heap Before GC invocations=8849 (full 26):
 PSYoungGen      total 32768K, used 31426K [0x00000000d5580000, 0x00000000d7d00000, 0x0000000100000000)
  eden space 31232K, 96% used [0x00000000d5580000,0x00000000d7309648,0x00000000d7400000)
  from space 1536K, 76% used [0x00000000d7b80000,0x00000000d7ca7220,0x00000000d7d00000)
  to   space 3072K, 0% used [0x00000000d7700000,0x00000000d7700000,0x00000000d7a00000)
 ParOldGen       total 484864K, used 484859K [0x0000000080000000, 0x000000009d980000, 0x00000000d55Event: 31564,605 {heap After GC invocations=8849 (full 26):
 PSYoungGen      total 37376K, used 1035K [0x00000000d5580000, 0x00000000d7c00000, 0x0000000100000000)
  eden space 34304K, 0% used [0x00000000d5580000,0x00000000d5580000,0x00000000d7700000)
  from space 3072K, 33% used [0x00000000d7700000,0x00000000d7802d18,0x00000000d7a00000)
  to   space 1536K, 0% used [0x00000000d7a80000,0x00000000d7a80000,0x00000000d7c00000)
 ParOldGen       total 485376K, used 484981K [0x0000000080000000, 0x000000009da00000, 0x00000000d55800Event: 31564,889 {heap Before GC invocations=8850 (full 26):
 PSYoungGen      total 37376K, used 35339K [0x00000000d5580000, 0x00000000d7c00000, 0x0000000100000000)
  eden space 34304K, 100% used [0x00000000d5580000,0x00000000d7700000,0x00000000d7700000)
  from space 3072K, 33% used [0x00000000d7700000,0x00000000d7802d18,0x00000000d7a00000)
  to   space 1536K, 0% used [0x00000000d7a80000,0x00000000d7a80000,0x00000000d7c00000)
 ParOldGen       total 485376K, used 484981K [0x0000000080000000, 0x000000009da00000, 0x00000000d5Event: 31564,889 {heap After GC invocations=8850 (full 26):
 PSYoungGen      total 33792K, used 480K [0x00000000d5580000, 0x00000000d7b00000, 0x0000000100000000)
  eden space 33280K, 0% used [0x00000000d5580000,0x00000000d5580000,0x00000000d7600000)
  from space 512K, 93% used [0x00000000d7a80000,0x00000000d7af8000,0x00000000d7b00000)
  to   space 1024K, 0% used [0x00000000d7900000,0x00000000d7900000,0x00000000d7a00000)
 ParOldGen       total 485376K, used 485053K [0x0000000080000000, 0x000000009da00000, 0x00000000d5580000Event: 31565,228 {heap Before GC invocations=8851 (full 26):
 PSYoungGen      total 33792K, used 33760K [0x00000000d5580000, 0x00000000d7b00000, 0x0000000100000000)
  eden space 33280K, 100% used [0x00000000d5580000,0x00000000d7600000,0x00000000d7600000)
  from space 512K, 93% used [0x00000000d7a80000,0x00000000d7af8000,0x00000000d7b00000)
  to   space 1024K, 0% used [0x00000000d7900000,0x00000000d7900000,0x00000000d7a00000)
 ParOldGen       total 485376K, used 485053K [0x0000000080000000, 0x000000009da00000, 0x00000000d55Event: 31565,229 {heap After GC invocations=8851 (full 26):
 PSYoungGen      total 33280K, used 519K [0x00000000d5580000, 0x00000000d7b00000, 0x0000000100000000)
  eden space 32256K, 0% used [0x00000000d5580000,0x00000000d5580000,0x00000000d7500000)
  from space 1024K, 50% used [0x00000000d7900000,0x00000000d7981da8,0x00000000d7a00000)
  to   space 1024K, 0% used [0x00000000d7a00000,0x00000000d7a00000,0x00000000d7b00000)
 ParOldGen       total 486400K, used 486333K [0x0000000080000000, 0x000000009db00000, 0x00000000d558000Event: 31565,282 {heap Before GC invocations=8852 (full 26):
 PSYoungGen      total 33280K, used 32263K [0x00000000d5580000, 0x00000000d7b00000, 0x0000000100000000)
  eden space 32256K, 98% used [0x00000000d5580000,0x00000000d7480040,0x00000000d7500000)
  from space 1024K, 50% used [0x00000000d7900000,0x00000000d7981da8,0x00000000d7a00000)
  to   space 1024K, 0% used [0x00000000d7a00000,0x00000000d7a00000,0x00000000d7b00000)
 ParOldGen       total 486400K, used 486333K [0x0000000080000000, 0x000000009db00000, 0x00000000d55Event: 31565,283 {heap After GC invocations=8852 (full 26):
 PSYoungGen      total 32768K, used 970K [0x00000000d5580000, 0x00000000d7b00000, 0x0000000100000000)
  eden space 31744K, 0% used [0x00000000d5580000,0x00000000d5580000,0x00000000d7480000)
  from space 1024K, 94% used [0x00000000d7a00000,0x00000000d7af2960,0x00000000d7b00000)
  to   space 1536K, 0% used [0x00000000d7800000,0x00000000d7800000,0x00000000d7980000)
 ParOldGen       total 486912K, used 486429K [0x0000000080000000, 0x000000009db80000, 0x00000000d558000Event: 31573,849 {heap Before GC invocations=8853 (full 26):
 PSYoungGen      total 32768K, used 32714K [0x00000000d5580000, 0x00000000d7b00000, 0x0000000100000000)
  eden space 31744K, 100% used [0x00000000d5580000,0x00000000d7480000,0x00000000d7480000)
  from space 1024K, 94% used [0x00000000d7a00000,0x00000000d7af2960,0x00000000d7b00000)
  to   space 1536K, 0% used [0x00000000d7800000,0x00000000d7800000,0x00000000d7980000)
 ParOldGen       total 486912K, used 486429K [0x0000000080000000, 0x000000009db80000, 0x00000000d5Event: 31573,850 {heap After GC invocations=8853 (full 26):
 PSYoungGen      total 32768K, used 1520K [0x00000000d5580000, 0x00000000d7a80000, 0x0000000100000000)
  eden space 31232K, 0% used [0x00000000d5580000,0x00000000d5580000,0x00000000d7400000)
  from space 1536K, 98% used [0x00000000d7800000,0x00000000d797c030,0x00000000d7980000)
  to   space 1024K, 0% used [0x00000000d7980000,0x00000000d7980000,0x00000000d7a80000)
 ParOldGen       total 486912K, used 486485K [0x0000000080000000, 0x000000009db80000, 0x00000000d55800Event: 31646,153 {heap Before GC invocations=8854 (full 26):
 PSYoungGen      total 32768K, used 32752K [0x00000000d5580000, 0x00000000d7a80000, 0x0000000100000000)
  eden space 31232K, 100% used [0x00000000d5580000,0x00000000d7400000,0x00000000d7400000)
  from space 1536K, 98% used [0x00000000d7800000,0x00000000d797c030,0x00000000d7980000)
  to   space 1024K, 0% used [0x00000000d7980000,0x00000000d7980000,0x00000000d7a80000)
 ParOldGen       total 486912K, used 486485K [0x0000000080000000, 0x000000009db80000, 0x00000000d5Event: 31646,154 {heap After GC invocations=8854 (full 26):
 PSYoungGen      total 35840K, used 798K [0x00000000d5580000, 0x00000000d7a80000, 0x0000000100000000)
  eden space 34816K, 0% used [0x00000000d5580000,0x00000000d5580000,0x00000000d7780000)
  from space 1024K, 77% used [0x00000000d7980000,0x00000000d7a47a98,0x00000000d7a80000)
  to   space 1536K, 0% used [0x00000000d7780000,0x00000000d7780000,0x00000000d7900000)
 ParOldGen       total 488448K, used 487952K [0x0000000080000000, 0x000000009dd00000, 0x00000000d558000Event: 31646,781 {heap Before GC invocations=8855 (full 26):
 PSYoungGen      total 35840K, used 35614K [0x00000000d5580000, 0x00000000d7a80000, 0x0000000100000000)
  eden space 34816K, 100% used [0x00000000d5580000,0x00000000d7780000,0x00000000d7780000)
  from space 1024K, 77% used [0x00000000d7980000,0x00000000d7a47a98,0x00000000d7a80000)
  to   space 1536K, 0% used [0x00000000d7780000,0x00000000d7780000,0x00000000d7900000)
 ParOldGen       total 488448K, used 487952K [0x0000000080000000, 0x000000009dd00000, 0x00000000d5Event: 31646,782 {heap After GC invocations=8855 (full 26):
 PSYoungGen      total 35328K, used 1264K [0x00000000d5580000, 0x00000000d7a00000, 0x0000000100000000)
  eden space 33792K, 0% used [0x00000000d5580000,0x00000000d5580000,0x00000000d7680000)
  from space 1536K, 82% used [0x00000000d7780000,0x00000000d78bc010,0x00000000d7900000)
  to   space 1024K, 0% used [0x00000000d7900000,0x00000000d7900000,0x00000000d7a00000)
 ParOldGen       total 488448K, used 488325K [0x0000000080000000, 0x000000009dd00000, 0x00000000d55800
Metaspace Usage History (20 events):
Event: 31564,206 {metaspace Before GC invocations=8846 (full 26):
 Metaspace       used 108305K, committed 110016K, reserved 1179648K
  class space    used 9102K, committed 9856K, reserved 1048576K
}
Event: 31564,207 {metaspace After GC invocations=8846 (full 26):
 Metaspace       used 108305K, committed 110016K, reserved 1179648K
  class space    used 9102K, committed 9856K, reserved 1048576K
}
Event: 31564,251 {metaspace Before GC invocations=8847 (full 26):
 Metaspace       used 108307K, committed 110016K, reserved 1179648K
  class space    used 9102K, committed 9856K, reserved 1048576K
}
Event: 31564,253 {metaspace After GC invocations=8847 (full 26):
 Metaspace       used 108307K, committed 110016K, reserved 1179648K
  class space    used 9102K, committed 9856K, reserved 1048576K
}
Event: 31564,469 {metaspace Before GC invocations=8848 (full 26):
 Metaspace       used 108307K, committed 110016K, reserved 1179648K
  class space    used 9102K, committed 9856K, reserved 1048576K
}
Event: 31564,470 {metaspace After GC invocations=8848 (full 26):
 Metaspace       used 108307K, committed 110016K, reserved 1179648K
  class space    used 9102K, committed 9856K, reserved 1048576K
}
Event: 31564,604 {metaspace Before GC invocations=8849 (full 26):
 Metaspace       used 108307K, committed 110016K, reserved 1179648K
  class space    used 9102K, committed 9856K, reserved 1048576K
}
Event: 31564,605 {metaspace After GC invocations=8849 (full 26):
 Metaspace       used 108307K, committed 110016K, reserved 1179648K
  class space    used 9102K, committed 9856K, reserved 1048576K
}
Event: 31564,889 {metaspace Before GC invocations=8850 (full 26):
 Metaspace       used 108307K, committed 110016K, reserved 1179648K
  class space    used 9102K, committed 9856K, reserved 1048576K
}
Event: 31564,889 {metaspace After GC invocations=8850 (full 26):
 Metaspace       used 108307K, committed 110016K, reserved 1179648K
  class space    used 9102K, committed 9856K, reserved 1048576K
}
Event: 31565,228 {metaspace Before GC invocations=8851 (full 26):
 Metaspace       used 108307K, committed 110016K, reserved 1179648K
  class space    used 9102K, committed 9856K, reserved 1048576K
}
Event: 31565,229 {metaspace After GC invocations=8851 (full 26):
 Metaspace       used 108307K, committed 110016K, reserved 1179648K
  class space    used 9102K, committed 9856K, reserved 1048576K
}
Event: 31565,282 {metaspace Before GC invocations=8852 (full 26):
 Metaspace       used 108307K, committed 110016K, reserved 1179648K
  class space    used 9102K, committed 9856K, reserved 1048576K
}
Event: 31565,283 {metaspace After GC invocations=8852 (full 26):
 Metaspace       used 108307K, committed 110016K, reserved 1179648K
  class space    used 9102K, committed 9856K, reserved 1048576K
}
Event: 31573,849 {metaspace Before GC invocations=8853 (full 26):
 Metaspace       used 108307K, committed 110016K, reserved 1179648K
  class space    used 9102K, committed 9856K, reserved 1048576K
}
Event: 31573,850 {metaspace After GC invocations=8853 (full 26):
 Metaspace       used 108307K, committed 110016K, reserved 1179648K
  class space    used 9102K, committed 9856K, reserved 1048576K
}
Event: 31646,153 {metaspace Before GC invocations=8854 (full 26):
 Metaspace       used 108373K, committed 110080K, reserved 1179648K
  class space    used 9113K, committed 9920K, reserved 1048576K
}
Event: 31646,154 {metaspace After GC invocations=8854 (full 26):
 Metaspace       used 108373K, committed 110080K, reserved 1179648K
  class space    used 9113K, committed 9920K, reserved 1048576K
}
Event: 31646,781 {metaspace Before GC invocations=8855 (full 26):
 Metaspace       used 109181K, committed 111168K, reserved 1179648K
  class space    used 9250K, committed 10176K, reserved 1048576K
}
Event: 31646,782 {metaspace After GC invocations=8855 (full 26):
 Metaspace       used 109181K, committed 111168K, reserved 1179648K
  class space    used 9250K, committed 10176K, reserved 1048576K
}

