# JRE version: OpenJDK Runtime Environment (25.0.1) (build 25.0.1)
# Java VM: OpenJDK 64-Bit Server VM (25.0.1, mixed mode, sharing, tiered, compressed oops, compressed class ptrs, parallel gc, linux-amd64)
GC Precious Log:
 CardTable entry size: 512
 CPUs: 32 total, 32 available
 Memory: 61757M
 Large Page Support: Disabled
 NUMA Support: Disabled
 Compressed Oops: Enabled (32-bit)
 Alignments: Space 512K, Generation 512K, Heap 2M
 Heap Min Capacity: 100M
 Heap Initial Capacity: 100M
 Heap Max Capacity: 2G
 Pre-touch: Disabled
 Parallel Workers: 23
Heap:
 PSYoungGen      total 29184K, used 27922K [0x00000000d5580000, 0x00000000d7a80000, 0x0000000100000000)
  eden space 26624K, 95% used [0x00000000d5580000,0x00000000d6e47500,0x00000000d6f80000)
  from space 2560K, 99% used [0x00000000d7000000,0x00000000d727d5d0,0x00000000d7280000)
  to   space 5632K, 0% used [0x00000000d7500000,0x00000000d7500000,0x00000000d7a80000)
 ParOldGen       total 512000K, used 511705K [0x0000000080000000, 0x000000009f400000, 0x00000000d5580000)
  object space 512000K, 99% used [0x0000000080000000,0x000000009f3b65b8,0x000000009f400000)
GC Heap Usage History (20 events):
Event: 4,761 {heap Before GC invocations=129 (full 3):
 PSYoungGen      total 25600K, used 25485K [0x00000000d5580000, 0x00000000d7680000, 0x0000000100000000)
  eden space 23040K, 100% used [0x00000000d5580000,0x00000000d6c00000,0x00000000d6c00000)
  from space 2560K, 95% used [0x00000000d6c00000,0x00000000d6e636d8,0x00000000d6e80000)
  to   space 4096K, 0% used [0x00000000d7280000,0x00000000d7280000,0x00000000d7680000)
 ParOldGen       total 483840K, used 483580K [0x0000000080000000, 0x000000009d880000, 0x00000000d558Event: 4,762 {heap After GC invocations=129 (full 3):
 PSYoungGen      total 30720K, used 2832K [0x00000000d5580000, 0x00000000d7680000, 0x0000000100000000)
  eden space 26624K, 0% used [0x00000000d5580000,0x00000000d5580000,0x00000000d6f80000)
  from space 4096K, 69% used [0x00000000d7280000,0x00000000d7544338,0x00000000d7680000)
  to   space 3072K, 0% used [0x00000000d6f80000,0x00000000d6f80000,0x00000000d7280000)
 ParOldGen       total 486912K, used 486697K [0x0000000080000000, 0x000000009db80000, 0x00000000d5580000Event: 4,767 {heap Before GC invocations=130 (full 3):
 PSYoungGen      total 30720K, used 29456K [0x00000000d5580000, 0x00000000d7680000, 0x0000000100000000)
  eden space 26624K, 100% used [0x00000000d5580000,0x00000000d6f80000,0x00000000d6f80000)
  from space 4096K, 69% used [0x00000000d7280000,0x00000000d7544338,0x00000000d7680000)
  to   space 3072K, 0% used [0x00000000d6f80000,0x00000000d6f80000,0x00000000d7280000)
 ParOldGen       total 486912K, used 486697K [0x0000000080000000, 0x000000009db80000, 0x00000000d558Event: 4,768 {heap After GC invocations=130 (full 3):
 PSYoungGen      total 29696K, used 2768K [0x00000000d5580000, 0x00000000d7680000, 0x0000000100000000)
  eden space 26624K, 0% used [0x00000000d5580000,0x00000000d5580000,0x00000000d6f80000)
  from space 3072K, 90% used [0x00000000d6f80000,0x00000000d72342c0,0x00000000d7280000)
  to   space 3072K, 0% used [0x00000000d7380000,0x00000000d7380000,0x00000000d7680000)
 ParOldGen       total 487936K, used 487888K [0x0000000080000000, 0x000000009dc80000, 0x00000000d5580000Event: 4,774 {heap Before GC invocations=131 (full 3):
 PSYoungGen      total 29696K, used 29392K [0x00000000d5580000, 0x00000000d7680000, 0x0000000100000000)
  eden space 26624K, 100% used [0x00000000d5580000,0x00000000d6f80000,0x00000000d6f80000)
  from space 3072K, 90% used [0x00000000d6f80000,0x00000000d72342c0,0x00000000d7280000)
  to   space 3072K, 0% used [0x00000000d7380000,0x00000000d7380000,0x00000000d7680000)
 ParOldGen       total 487936K, used 487888K [0x0000000080000000, 0x000000009dc80000, 0x00000000d558Event: 4,775 {heap After GC invocations=131 (full 3):
 PSYoungGen      total 26624K, used 3044K [0x00000000d5580000, 0x00000000d7d00000, 0x0000000100000000)
  eden space 23552K, 0% used [0x00000000d5580000,0x00000000d5580000,0x00000000d6c80000)
  from space 3072K, 99% used [0x00000000d7380000,0x00000000d7679130,0x00000000d7680000)
  to   space 7168K, 0% used [0x00000000d6c80000,0x00000000d6c80000,0x00000000d7380000)
 ParOldGen       total 491520K, used 491041K [0x0000000080000000, 0x000000009e000000, 0x00000000d5580000Event: 4,782 {heap Before GC invocations=132 (full 3):
 PSYoungGen      total 26624K, used 26596K [0x00000000d5580000, 0x00000000d7d00000, 0x0000000100000000)
  eden space 23552K, 100% used [0x00000000d5580000,0x00000000d6c80000,0x00000000d6c80000)
  from space 3072K, 99% used [0x00000000d7380000,0x00000000d7679130,0x00000000d7680000)
  to   space 7168K, 0% used [0x00000000d6c80000,0x00000000d6c80000,0x00000000d7380000)
 ParOldGen       total 491520K, used 491041K [0x0000000080000000, 0x000000009e000000, 0x00000000d558Event: 4,783 {heap After GC invocations=132 (full 3):
 PSYoungGen      total 26112K, used 2287K [0x00000000d5580000, 0x00000000d7680000, 0x0000000100000000)
  eden space 23552K, 0% used [0x00000000d5580000,0x00000000d5580000,0x00000000d6c80000)
  from space 2560K, 89% used [0x00000000d6c80000,0x00000000d6ebbf48,0x00000000d6f00000)
  to   space 4096K, 0% used [0x00000000d7280000,0x00000000d7280000,0x00000000d7680000)
 ParOldGen       total 495616K, used 494664K [0x0000000080000000, 0x000000009e400000, 0x00000000d5580000Event: 4,794 {heap Before GC invocations=133 (full 3):
 PSYoungGen      total 26112K, used 25839K [0x00000000d5580000, 0x00000000d7680000, 0x0000000100000000)
  eden space 23552K, 100% used [0x00000000d5580000,0x00000000d6c80000,0x00000000d6c80000)
  from space 2560K, 89% used [0x00000000d6c80000,0x00000000d6ebbf48,0x00000000d6f00000)
  to   space 4096K, 0% used [0x00000000d7280000,0x00000000d7280000,0x00000000d7680000)
 ParOldGen       total 495616K, used 494664K [0x0000000080000000, 0x000000009e400000, 0x00000000d558Event: 4,796 {heap After GC invocations=133 (full 3):
 PSYoungGen      total 23552K, used 4067K [0x00000000d5580000, 0x00000000d8000000, 0x0000000100000000)
  eden space 19456K, 0% used [0x00000000d5580000,0x00000000d5580000,0x00000000d6880000)
  from space 4096K, 99% used [0x00000000d7280000,0x00000000d7678f00,0x00000000d7680000)
  to   space 10240K, 0% used [0x00000000d6880000,0x00000000d6880000,0x00000000d7280000)
 ParOldGen       total 499712K, used 499270K [0x0000000080000000, 0x000000009e800000, 0x00000000d558000Event: 4,805 {heap Before GC invocations=134 (full 3):
 PSYoungGen      total 23552K, used 23523K [0x00000000d5580000, 0x00000000d8000000, 0x0000000100000000)
  eden space 19456K, 100% used [0x00000000d5580000,0x00000000d6880000,0x00000000d6880000)
  from space 4096K, 99% used [0x00000000d7280000,0x00000000d7678f00,0x00000000d7680000)
  to   space 10240K, 0% used [0x00000000d6880000,0x00000000d6880000,0x00000000d7280000)
 ParOldGen       total 499712K, used 499270K [0x0000000080000000, 0x000000009e800000, 0x00000000d55Event: 4,807 {heap After GC invocations=134 (full 3):
 PSYoungGen      total 22528K, used 2747K [0x00000000d5580000, 0x00000000d7680000, 0x0000000100000000)
  eden space 19456K, 0% used [0x00000000d5580000,0x00000000d5580000,0x00000000d6880000)
  from space 3072K, 89% used [0x00000000d6880000,0x00000000d6b2ef08,0x00000000d6b80000)
  to   space 5120K, 0% used [0x00000000d7180000,0x00000000d7180000,0x00000000d7680000)
 ParOldGen       total 502784K, used 502301K [0x0000000080000000, 0x000000009eb00000, 0x00000000d5580000Event: 4,845 {heap Before GC invocations=135 (full 3):
 PSYoungGen      total 22528K, used 22203K [0x00000000d5580000, 0x00000000d7680000, 0x0000000100000000)
  eden space 19456K, 100% used [0x00000000d5580000,0x00000000d6880000,0x00000000d6880000)
  from space 3072K, 89% used [0x00000000d6880000,0x00000000d6b2ef08,0x00000000d6b80000)
  to   space 5120K, 0% used [0x00000000d7180000,0x00000000d7180000,0x00000000d7680000)
 ParOldGen       total 502784K, used 502301K [0x0000000080000000, 0x000000009eb00000, 0x00000000d558Event: 4,847 {heap After GC invocations=135 (full 3):
 PSYoungGen      total 29184K, used 3891K [0x00000000d5580000, 0x00000000d7680000, 0x0000000100000000)
  eden space 24064K, 0% used [0x00000000d5580000,0x00000000d5580000,0x00000000d6d00000)
  from space 5120K, 76% used [0x00000000d7180000,0x00000000d754cf08,0x00000000d7680000)
  to   space 4608K, 0% used [0x00000000d6d00000,0x00000000d6d00000,0x00000000d7180000)
 ParOldGen       total 504832K, used 504659K [0x0000000080000000, 0x000000009ed00000, 0x00000000d5580000Event: 5,409 {heap Before GC invocations=136 (full 3):
 PSYoungGen      total 29184K, used 27955K [0x00000000d5580000, 0x00000000d7680000, 0x0000000100000000)
  eden space 24064K, 100% used [0x00000000d5580000,0x00000000d6d00000,0x00000000d6d00000)
  from space 5120K, 76% used [0x00000000d7180000,0x00000000d754cf08,0x00000000d7680000)
  to   space 4608K, 0% used [0x00000000d6d00000,0x00000000d6d00000,0x00000000d7180000)
 ParOldGen       total 504832K, used 504659K [0x0000000080000000, 0x000000009ed00000, 0x00000000d558Event: 5,410 {heap After GC invocations=136 (full 3):
 PSYoungGen      total 28672K, used 3513K [0x00000000d5580000, 0x00000000d7680000, 0x0000000100000000)
  eden space 24064K, 0% used [0x00000000d5580000,0x00000000d5580000,0x00000000d6d00000)
  from space 4608K, 76% used [0x00000000d6d00000,0x00000000d706e700,0x00000000d7180000)
  to   space 4096K, 0% used [0x00000000d7280000,0x00000000d7280000,0x00000000d7680000)
 ParOldGen       total 507904K, used 507724K [0x0000000080000000, 0x000000009f000000, 0x00000000d5580000Event: 24,862 {heap Before GC invocations=137 (full 3):
 PSYoungGen      total 28672K, used 27577K [0x00000000d5580000, 0x00000000d7680000, 0x0000000100000000)
  eden space 24064K, 100% used [0x00000000d5580000,0x00000000d6d00000,0x00000000d6d00000)
  from space 4608K, 76% used [0x00000000d6d00000,0x00000000d706e700,0x00000000d7180000)
  to   space 4096K, 0% used [0x00000000d7280000,0x00000000d7280000,0x00000000d7680000)
 ParOldGen       total 507904K, used 507724K [0x0000000080000000, 0x000000009f000000, 0x00000000d558Event: 24,863 {heap After GC invocations=137 (full 3):
 PSYoungGen      total 31232K, used 1736K [0x00000000d5580000, 0x00000000d7680000, 0x0000000100000000)
  eden space 27136K, 0% used [0x00000000d5580000,0x00000000d5580000,0x00000000d7000000)
  from space 4096K, 42% used [0x00000000d7280000,0x00000000d7432020,0x00000000d7680000)
  to   space 2560K, 0% used [0x00000000d7000000,0x00000000d7000000,0x00000000d7280000)
 ParOldGen       total 509952K, used 509537K [0x0000000080000000, 0x000000009f200000, 0x00000000d5580000Event: 25,443 {heap Before GC invocations=138 (full 3):
 PSYoungGen      total 31232K, used 28872K [0x00000000d5580000, 0x00000000d7680000, 0x0000000100000000)
  eden space 27136K, 100% used [0x00000000d5580000,0x00000000d7000000,0x00000000d7000000)
  from space 4096K, 42% used [0x00000000d7280000,0x00000000d7432020,0x00000000d7680000)
  to   space 2560K, 0% used [0x00000000d7000000,0x00000000d7000000,0x00000000d7280000)
 ParOldGen       total 509952K, used 509537K [0x0000000080000000, 0x000000009f200000, 0x00000000d558Event: 25,444 {heap After GC invocations=138 (full 3):
 PSYoungGen      total 29184K, used 2549K [0x00000000d5580000, 0x00000000d7a80000, 0x0000000100000000)
  eden space 26624K, 0% used [0x00000000d5580000,0x00000000d5580000,0x00000000d6f80000)
  from space 2560K, 99% used [0x00000000d7000000,0x00000000d727d5d0,0x00000000d7280000)
  to   space 5632K, 0% used [0x00000000d7500000,0x00000000d7500000,0x00000000d7a80000)
 ParOldGen       total 512000K, used 511705K [0x0000000080000000, 0x000000009f400000, 0x00000000d5580000
Metaspace Usage History (20 events):
Event: 4,761 {metaspace Before GC invocations=129 (full 3):
 Metaspace       used 73963K, committed 75392K, reserved 1179648K
  class space    used 6690K, committed 7296K, reserved 1048576K
}
Event: 4,762 {metaspace After GC invocations=129 (full 3):
 Metaspace       used 73963K, committed 75392K, reserved 1179648K
  class space    used 6690K, committed 7296K, reserved 1048576K
}
Event: 4,767 {metaspace Before GC invocations=130 (full 3):
 Metaspace       used 73984K, committed 75392K, reserved 1179648K
  class space    used 6693K, committed 7296K, reserved 1048576K
}
Event: 4,768 {metaspace After GC invocations=130 (full 3):
 Metaspace       used 73984K, committed 75392K, reserved 1179648K
  class space    used 6693K, committed 7296K, reserved 1048576K
}
Event: 4,774 {metaspace Before GC invocations=131 (full 3):
 Metaspace       used 73987K, committed 75392K, reserved 1179648K
  class space    used 6693K, committed 7296K, reserved 1048576K
}
Event: 4,775 {metaspace After GC invocations=131 (full 3):
 Metaspace       used 73987K, committed 75392K, reserved 1179648K
  class space    used 6693K, committed 7296K, reserved 1048576K
}
Event: 4,782 {metaspace Before GC invocations=132 (full 3):
 Metaspace       used 73989K, committed 75392K, reserved 1179648K
  class space    used 6693K, committed 7296K, reserved 1048576K
}
Event: 4,783 {metaspace After GC invocations=132 (full 3):
 Metaspace       used 73989K, committed 75392K, reserved 1179648K
  class space    used 6693K, committed 7296K, reserved 1048576K
}
Event: 4,794 {metaspace Before GC invocations=133 (full 3):
 Metaspace       used 74100K, committed 75520K, reserved 1179648K
  class space    used 6694K, committed 7296K, reserved 1048576K
}
Event: 4,796 {metaspace After GC invocations=133 (full 3):
 Metaspace       used 74100K, committed 75520K, reserved 1179648K
  class space    used 6694K, committed 7296K, reserved 1048576K
}
Event: 4,805 {metaspace Before GC invocations=134 (full 3):
 Metaspace       used 74127K, committed 75520K, reserved 1179648K
  class space    used 6695K, committed 7296K, reserved 1048576K
}
Event: 4,807 {metaspace After GC invocations=134 (full 3):
 Metaspace       used 74127K, committed 75520K, reserved 1179648K
  class space    used 6695K, committed 7296K, reserved 1048576K
}
Event: 4,845 {metaspace Before GC invocations=135 (full 3):
 Metaspace       used 74284K, committed 75712K, reserved 1179648K
  class space    used 6722K, committed 7360K, reserved 1048576K
}
Event: 4,847 {metaspace After GC invocations=135 (full 3):
 Metaspace       used 74284K, committed 75712K, reserved 1179648K
  class space    used 6722K, committed 7360K, reserved 1048576K
}
Event: 5,409 {metaspace Before GC invocations=136 (full 3):
 Metaspace       used 74377K, committed 75840K, reserved 1179648K
  class space    used 6726K, committed 7360K, reserved 1048576K
}
Event: 5,410 {metaspace After GC invocations=136 (full 3):
 Metaspace       used 74377K, committed 75840K, reserved 1179648K
  class space    used 6726K, committed 7360K, reserved 1048576K
}
Event: 24,862 {metaspace Before GC invocations=137 (full 3):
 Metaspace       used 75324K, committed 76800K, reserved 1179648K
  class space    used 6806K, committed 7488K, reserved 1048576K
}
Event: 24,863 {metaspace After GC invocations=137 (full 3):
 Metaspace       used 75324K, committed 76800K, reserved 1179648K
  class space    used 6806K, committed 7488K, reserved 1048576K
}
Event: 25,443 {metaspace Before GC invocations=138 (full 3):
 Metaspace       used 75882K, committed 77504K, reserved 1179648K
  class space    used 6891K, committed 7616K, reserved 1048576K
}
Event: 25,444 {metaspace After GC invocations=138 (full 3):
 Metaspace       used 75882K, committed 77504K, reserved 1179648K
  class space    used 6891K, committed 7616K, reserved 1048576K
}

